\BOOKMARK [1][-]{section.1}{Introduction}{}% 1
\BOOKMARK [1][-]{section.2}{Theory and Design}{}% 2
\BOOKMARK [2][-]{subsection.2.1}{Data pre-processing}{section.2}% 3
\BOOKMARK [3][-]{subsubsection.2.1.1}{Data Cleaning and Imputing}{subsection.2.1}% 4
\BOOKMARK [3][-]{subsubsection.2.1.2}{Imbalanced data resampling}{subsection.2.1}% 5
\BOOKMARK [2][-]{subsection.2.2}{Prediction Models}{section.2}% 6
\BOOKMARK [3][-]{subsubsection.2.2.1}{Logit Regression Model}{subsection.2.2}% 7
\BOOKMARK [3][-]{subsubsection.2.2.2}{Decision Tree Model}{subsection.2.2}% 8
\BOOKMARK [3][-]{subsubsection.2.2.3}{Random Forest Model}{subsection.2.2}% 9
\BOOKMARK [3][-]{subsubsection.2.2.4}{Neural Network Model}{subsection.2.2}% 10
\BOOKMARK [2][-]{subsection.2.3}{Model Performance Evaluation}{section.2}% 11
\BOOKMARK [1][-]{section.3}{Implementation}{}% 12
\BOOKMARK [2][-]{subsection.3.1}{Data Pre-processing}{section.3}% 13
\BOOKMARK [3][-]{subsubsection.3.1.1}{Data Imputation}{subsection.3.1}% 14
\BOOKMARK [3][-]{subsubsection.3.1.2}{Data Balancing}{subsection.3.1}% 15
\BOOKMARK [2][-]{subsection.3.2}{Prediction Models}{section.3}% 16
\BOOKMARK [3][-]{subsubsection.3.2.1}{Decision Tree Model}{subsection.3.2}% 17
\BOOKMARK [3][-]{subsubsection.3.2.2}{Neural Network Model}{subsection.3.2}% 18
\BOOKMARK [2][-]{subsection.3.3}{Model Performance Evaluation}{section.3}% 19
\BOOKMARK [1][-]{section.4}{Empirical Study/Testing}{}% 20
\BOOKMARK [2][-]{subsection.4.1}{Data Input and Description}{section.4}% 21
\BOOKMARK [2][-]{subsection.4.2}{Data Pre-processing}{section.4}% 22
\BOOKMARK [3][-]{subsubsection.4.2.1}{Missing Value Pattern Overview}{subsection.4.2}% 23
\BOOKMARK [3][-]{subsubsection.4.2.2}{Data Imputation}{subsection.4.2}% 24
\BOOKMARK [3][-]{subsubsection.4.2.3}{Data Balancing}{subsection.4.2}% 25
\BOOKMARK [2][-]{subsection.4.3}{Building Prediction Models}{section.4}% 26
\BOOKMARK [3][-]{subsubsection.4.3.1}{Logit Regression Model}{subsection.4.3}% 27
\BOOKMARK [3][-]{subsubsection.4.3.2}{Decision Tree Model}{subsection.4.3}% 28
\BOOKMARK [3][-]{subsubsection.4.3.3}{Neural Network}{subsection.4.3}% 29
